<?xml version="1.0" encoding="utf-8"?><testsuites name="pytest tests"><testsuite name="pytest" errors="0" failures="0" skipped="0" tests="7" time="7.171" timestamp="2026-05-28T23:37:19.871675+00:00" hostname="agent-env-4bbcf3f8-1540-40e2-b33f-f0482dbb56ae"><testcase classname="backend.tests.test_akron_backend" name="test_root_returns_akron_digital" time="1.970" /><testcase classname="backend.tests.test_akron_backend" name="test_contact_post_stores_and_returns_email_sent_false" time="0.054" /><testcase classname="backend.tests.test_akron_backend" name="test_contact_post_invalid_email_returns_422" time="0.047" /><testcase classname="backend.tests.test_akron_backend" name="test_contact_post_missing_required_field" time="0.046" /><testcase classname="backend.tests.test_akron_backend" name="test_contact_get_list_sorted_desc" time="1.138" /><testcase classname="backend.tests.test_akron_backend" name="test_chat_post_returns_reply" time="3.743" /><testcase classname="backend.tests.test_akron_backend" name="test_chat_history_persisted" time="0.052" /></testsuite></testsuites>