<?xml version="1.0" encoding="utf-8"?><testsuites name="pytest tests"><testsuite name="pytest" errors="0" failures="0" skipped="0" tests="7" time="4.020" timestamp="2026-08-18T22:56:59.442476+00:00" hostname="agent-env-4bbcf3f8-1540-40e2-b33f-f0482dbb56ae"><testcase classname="backend.tests.test_akron_backend" name="test_root_returns_akron_digital" time="0.203" /><testcase classname="backend.tests.test_akron_backend" name="test_contact_post_stores_and_returns_email_sent_false" time="0.070" /><testcase classname="backend.tests.test_akron_backend" name="test_contact_post_invalid_email_returns_422" time="0.057" /><testcase classname="backend.tests.test_akron_backend" name="test_contact_post_missing_required_field" time="0.057" /><testcase classname="backend.tests.test_akron_backend" name="test_contact_get_list_sorted_desc" time="1.246" /><testcase classname="backend.tests.test_akron_backend" name="test_chat_post_returns_reply" time="2.253" /><testcase classname="backend.tests.test_akron_backend" name="test_chat_history_persisted" time="0.062" /></testsuite></testsuites>